<?xml version="1.0" encoding="UTF-8"?>
<!-- Generated by org.testng.reporters.JUnitReportReporter -->
<testsuite hostname="SSIIN-174.local" failures="2" tests="50" name="com.jobma.qa.test.JobmaDashboardTest" time="42.729" errors="0" timestamp="2023-11-03T17:11:12 IST" skipped="48">
  <testcase classname="com.jobma.qa.test.JobmaDashboardTest" name="clickOnEvaluateMOduleTest" time="0.000">
    <skipped/>
  </testcase> <!-- clickOnEvaluateMOduleTest -->
  <testcase classname="com.jobma.qa.test.JobmaDashboardTest" name="SettingsTest" time="21.364">
    <failure message="expected [Jobma] but found [Login]" type="java.lang.AssertionError">
      <![CDATA[java.lang.AssertionError: expected [Jobma] but found [Login]
at org.testng.Assert.fail(Assert.java:111)
at org.testng.Assert.failNotEquals(Assert.java:1578)
at org.testng.Assert.assertEqualsImpl(Assert.java:150)
at org.testng.Assert.assertEquals(Assert.java:132)
at org.testng.Assert.assertEquals(Assert.java:656)
at org.testng.Assert.assertEquals(Assert.java:666)
at com.jobma.qa.pages.LoginPage.login(LoginPage.java:66)
at com.jobma.qa.test.JobmaDashboardTest.SettingsTest(JobmaDashboardTest.java:35)
at java.base/jdk.internal.reflect.DirectMethodHandleAccessor.invoke(DirectMethodHandleAccessor.java:104)
at java.base/java.lang.reflect.Method.invoke(Method.java:577)
at org.testng.internal.invokers.MethodInvocationHelper.invokeMethod(MethodInvocationHelper.java:139)
at org.testng.internal.invokers.MethodInvocationHelper.invokeMethodConsideringTimeout(MethodInvocationHelper.java:69)
at org.testng.internal.invokers.ConfigInvoker.invokeConfigurationMethod(ConfigInvoker.java:390)
at org.testng.internal.invokers.ConfigInvoker.invokeConfigurations(ConfigInvoker.java:325)
at org.testng.TestRunner.invokeTestConfigurations(TestRunner.java:663)
at org.testng.TestRunner.beforeRun(TestRunner.java:652)
at org.testng.TestRunner.run(TestRunner.java:614)
at org.testng.SuiteRunner.runTest(SuiteRunner.java:443)
at org.testng.SuiteRunner$SuiteWorker.run(SuiteRunner.java:481)
at org.testng.internal.thread.ThreadUtil.lambda$execute$0(ThreadUtil.java:58)
at java.base/java.util.concurrent.FutureTask.run(FutureTask.java:264)
at java.base/java.util.concurrent.ThreadPoolExecutor.runWorker(ThreadPoolExecutor.java:1136)
at java.base/java.util.concurrent.ThreadPoolExecutor$Worker.run(ThreadPoolExecutor.java:635)
at java.base/java.lang.Thread.run(Thread.java:833)
]]>
    </failure>
  </testcase> <!-- SettingsTest -->
  <testcase classname="com.jobma.qa.test.JobmaDashboardTest" name="clickOnEvaluateMOduleTest" time="0.000">
    <skipped/>
  </testcase> <!-- clickOnEvaluateMOduleTest -->
  <testcase classname="com.jobma.qa.test.JobmaDashboardTest" name="SettingsTest" time="21.364">
    <failure message="expected [Jobma] but found [Login]" type="java.lang.AssertionError">
      <![CDATA[java.lang.AssertionError: expected [Jobma] but found [Login]
at org.testng.Assert.fail(Assert.java:111)
at org.testng.Assert.failNotEquals(Assert.java:1578)
at org.testng.Assert.assertEqualsImpl(Assert.java:150)
at org.testng.Assert.assertEquals(Assert.java:132)
at org.testng.Assert.assertEquals(Assert.java:656)
at org.testng.Assert.assertEquals(Assert.java:666)
at com.jobma.qa.pages.LoginPage.login(LoginPage.java:66)
at com.jobma.qa.test.JobmaDashboardTest.SettingsTest(JobmaDashboardTest.java:35)
at java.base/jdk.internal.reflect.DirectMethodHandleAccessor.invoke(DirectMethodHandleAccessor.java:104)
at java.base/java.lang.reflect.Method.invoke(Method.java:577)
at org.testng.internal.invokers.MethodInvocationHelper.invokeMethod(MethodInvocationHelper.java:139)
at org.testng.internal.invokers.MethodInvocationHelper.invokeMethodConsideringTimeout(MethodInvocationHelper.java:69)
at org.testng.internal.invokers.ConfigInvoker.invokeConfigurationMethod(ConfigInvoker.java:390)
at org.testng.internal.invokers.ConfigInvoker.invokeConfigurations(ConfigInvoker.java:325)
at org.testng.TestRunner.invokeTestConfigurations(TestRunner.java:663)
at org.testng.TestRunner.beforeRun(TestRunner.java:652)
at org.testng.TestRunner.run(TestRunner.java:614)
at org.testng.SuiteRunner.runTest(SuiteRunner.java:443)
at org.testng.SuiteRunner$SuiteWorker.run(SuiteRunner.java:481)
at org.testng.internal.thread.ThreadUtil.lambda$execute$0(ThreadUtil.java:58)
at java.base/java.util.concurrent.FutureTask.run(FutureTask.java:264)
at java.base/java.util.concurrent.ThreadPoolExecutor.runWorker(ThreadPoolExecutor.java:1136)
at java.base/java.util.concurrent.ThreadPoolExecutor$Worker.run(ThreadPoolExecutor.java:635)
at java.base/java.lang.Thread.run(Thread.java:833)
]]>
    </failure>
  </testcase> <!-- SettingsTest -->
  <testcase classname="com.jobma.qa.test.JobmaDashboardTest" name="verifyCompanyLogoTest" time="0.000">
    <skipped/>
  </testcase> <!-- verifyCompanyLogoTest -->
  <testcase classname="com.jobma.qa.test.JobmaDashboardTest" name="verifyCompanyLogoTest" time="0.000">
    <skipped/>
  </testcase> <!-- verifyCompanyLogoTest -->
  <testcase classname="com.jobma.qa.test.JobmaDashboardTest" name="clickOnPositionsTest" time="0.000">
    <skipped/>
  </testcase> <!-- clickOnPositionsTest -->
  <testcase classname="com.jobma.qa.test.JobmaDashboardTest" name="clickOnPositionsTest" time="0.000">
    <skipped/>
  </testcase> <!-- clickOnPositionsTest -->
  <testcase classname="com.jobma.qa.test.JobmaDashboardTest" name="clickOnSetupInterviewModuleTest" time="0.000">
    <skipped/>
  </testcase> <!-- clickOnSetupInterviewModuleTest -->
  <testcase classname="com.jobma.qa.test.JobmaDashboardTest" name="clickOnSetupInterviewModuleTest" time="0.000">
    <skipped/>
  </testcase> <!-- clickOnSetupInterviewModuleTest -->
  <testcase classname="com.jobma.qa.test.JobmaDashboardTest" name="clickOnApplicantModuleTest" time="0.000">
    <skipped/>
  </testcase> <!-- clickOnApplicantModuleTest -->
  <testcase classname="com.jobma.qa.test.JobmaDashboardTest" name="clickOnApplicantModuleTest" time="0.001">
    <skipped/>
  </testcase> <!-- clickOnApplicantModuleTest -->
  <testcase classname="com.jobma.qa.test.JobmaDashboardTest" name="clickOnSubaccountsModuleTest" time="0.000">
    <skipped/>
  </testcase> <!-- clickOnSubaccountsModuleTest -->
  <testcase classname="com.jobma.qa.test.JobmaDashboardTest" name="clickOnSubaccountsModuleTest" time="0.000">
    <skipped/>
  </testcase> <!-- clickOnSubaccountsModuleTest -->
  <testcase classname="com.jobma.qa.test.JobmaDashboardTest" name="clickOnReportsModuleTest" time="0.000">
    <skipped/>
  </testcase> <!-- clickOnReportsModuleTest -->
  <testcase classname="com.jobma.qa.test.JobmaDashboardTest" name="clickOnReportsModuleTest" time="0.000">
    <skipped/>
  </testcase> <!-- clickOnReportsModuleTest -->
  <testcase classname="com.jobma.qa.test.JobmaDashboardTest" name="clickOnIntegrationModuleTest" time="0.000">
    <skipped/>
  </testcase> <!-- clickOnIntegrationModuleTest -->
  <testcase classname="com.jobma.qa.test.JobmaDashboardTest" name="clickOnIntegrationModuleTest" time="0.000">
    <skipped/>
  </testcase> <!-- clickOnIntegrationModuleTest -->
  <testcase classname="com.jobma.qa.test.JobmaDashboardTest" name="clickOnBillingsModuleTest" time="0.000">
    <skipped/>
  </testcase> <!-- clickOnBillingsModuleTest -->
  <testcase classname="com.jobma.qa.test.JobmaDashboardTest" name="clickOnBillingsModuleTest" time="0.000">
    <skipped/>
  </testcase> <!-- clickOnBillingsModuleTest -->
  <testcase classname="com.jobma.qa.test.JobmaDashboardTest" name="clickOnCreditsBtnTest" time="0.000">
    <skipped/>
  </testcase> <!-- clickOnCreditsBtnTest -->
  <testcase classname="com.jobma.qa.test.JobmaDashboardTest" name="clickOnCreditsBtnTest" time="0.000">
    <skipped/>
  </testcase> <!-- clickOnCreditsBtnTest -->
  <testcase classname="com.jobma.qa.test.JobmaDashboardTest" name="clickOnGetstartedBtnTest" time="0.000">
    <skipped/>
  </testcase> <!-- clickOnGetstartedBtnTest -->
  <testcase classname="com.jobma.qa.test.JobmaDashboardTest" name="clickOnGetstartedBtnTest" time="0.000">
    <skipped/>
  </testcase> <!-- clickOnGetstartedBtnTest -->
  <testcase classname="com.jobma.qa.test.JobmaDashboardTest" name="clickOnPlanBtnTest" time="0.000">
    <skipped/>
  </testcase> <!-- clickOnPlanBtnTest -->
  <testcase classname="com.jobma.qa.test.JobmaDashboardTest" name="clickOnScheduleInterviewBtnTest" time="0.000">
    <skipped/>
  </testcase> <!-- clickOnScheduleInterviewBtnTest -->
  <testcase classname="com.jobma.qa.test.JobmaDashboardTest" name="clickOnScheduleInterviewBtnTest" time="0.000">
    <skipped/>
  </testcase> <!-- clickOnScheduleInterviewBtnTest -->
  <testcase classname="com.jobma.qa.test.JobmaDashboardTest" name="clickOnPlanBtnTest" time="0.000">
    <skipped/>
  </testcase> <!-- clickOnPlanBtnTest -->
  <testcase classname="com.jobma.qa.test.JobmaDashboardTest" name="clickOnCreateanInterviewBtnTest" time="0.000">
    <skipped/>
  </testcase> <!-- clickOnCreateanInterviewBtnTest -->
  <testcase classname="com.jobma.qa.test.JobmaDashboardTest" name="clickOnCreateanInterviewBtnTest" time="0.000">
    <skipped/>
  </testcase> <!-- clickOnCreateanInterviewBtnTest -->
  <testcase classname="com.jobma.qa.test.JobmaDashboardTest" name="clickOnTrackInterviewsBtnTest" time="0.000">
    <skipped/>
  </testcase> <!-- clickOnTrackInterviewsBtnTest -->
  <testcase classname="com.jobma.qa.test.JobmaDashboardTest" name="clickOnTrackInterviewsBtnTest" time="0.000">
    <skipped/>
  </testcase> <!-- clickOnTrackInterviewsBtnTest -->
  <testcase classname="com.jobma.qa.test.JobmaDashboardTest" name="clickOnEvaluateBtnTest" time="0.000">
    <skipped/>
  </testcase> <!-- clickOnEvaluateBtnTest -->
  <testcase classname="com.jobma.qa.test.JobmaDashboardTest" name="clickOnEvaluateBtnTest" time="0.000">
    <skipped/>
  </testcase> <!-- clickOnEvaluateBtnTest -->
  <testcase classname="com.jobma.qa.test.JobmaDashboardTest" name="clickOnViewallBtnOfInterviewsInvitationsTest" time="0.000">
    <skipped/>
  </testcase> <!-- clickOnViewallBtnOfInterviewsInvitationsTest -->
  <testcase classname="com.jobma.qa.test.JobmaDashboardTest" name="clickOnViewallBtnOfInterviewsInvitationsTest" time="0.000">
    <skipped/>
  </testcase> <!-- clickOnViewallBtnOfInterviewsInvitationsTest -->
  <testcase classname="com.jobma.qa.test.JobmaDashboardTest" name="clickOnViewallOfPostedJobsTest" time="0.000">
    <skipped/>
  </testcase> <!-- clickOnViewallOfPostedJobsTest -->
  <testcase classname="com.jobma.qa.test.JobmaDashboardTest" name="clickOnViewallOfPostedJobsTest" time="0.000">
    <skipped/>
  </testcase> <!-- clickOnViewallOfPostedJobsTest -->
  <testcase classname="com.jobma.qa.test.JobmaDashboardTest" name="clickOnViewallOfRecentInvitationsTest" time="0.000">
    <skipped/>
  </testcase> <!-- clickOnViewallOfRecentInvitationsTest -->
  <testcase classname="com.jobma.qa.test.JobmaDashboardTest" name="clickOnViewallOfRecentInvitationsTest" time="0.000">
    <skipped/>
  </testcase> <!-- clickOnViewallOfRecentInvitationsTest -->
  <testcase classname="com.jobma.qa.test.JobmaDashboardTest" name="clickOnViewallOfUcomingInterviewsTest" time="0.000">
    <skipped/>
  </testcase> <!-- clickOnViewallOfUcomingInterviewsTest -->
  <testcase classname="com.jobma.qa.test.JobmaDashboardTest" name="clickOnViewallOfUcomingInterviewsTest" time="0.000">
    <skipped/>
  </testcase> <!-- clickOnViewallOfUcomingInterviewsTest -->
  <testcase classname="com.jobma.qa.test.JobmaDashboardTest" name="clickOnViewallOfRecentApplicantsTest" time="0.000">
    <skipped/>
  </testcase> <!-- clickOnViewallOfRecentApplicantsTest -->
  <testcase classname="com.jobma.qa.test.JobmaDashboardTest" name="clickOnViewallOfRecentApplicantsTest" time="0.000">
    <skipped/>
  </testcase> <!-- clickOnViewallOfRecentApplicantsTest -->
  <testcase classname="com.jobma.qa.test.JobmaDashboardTest" name="clickOnViewallOfAwitingDecisonsTest" time="0.000">
    <skipped/>
  </testcase> <!-- clickOnViewallOfAwitingDecisonsTest -->
  <testcase classname="com.jobma.qa.test.JobmaDashboardTest" name="clickOnViewallOfAwitingDecisonsTest" time="0.000">
    <skipped/>
  </testcase> <!-- clickOnViewallOfAwitingDecisonsTest -->
  <testcase classname="com.jobma.qa.test.JobmaDashboardTest" name="clickOnViewallOfRecentActivityTest" time="0.000">
    <skipped/>
  </testcase> <!-- clickOnViewallOfRecentActivityTest -->
  <testcase classname="com.jobma.qa.test.JobmaDashboardTest" name="clickOnViewallOfRecentActivityTest" time="0.000">
    <skipped/>
  </testcase> <!-- clickOnViewallOfRecentActivityTest -->
  <testcase classname="com.jobma.qa.test.JobmaDashboardTest" name="clickOnSchedulingToolTest" time="0.000">
    <skipped/>
  </testcase> <!-- clickOnSchedulingToolTest -->
  <testcase classname="com.jobma.qa.test.JobmaDashboardTest" name="clickOnSchedulingToolTest" time="0.000">
    <skipped/>
  </testcase> <!-- clickOnSchedulingToolTest -->
</testsuite> <!-- com.jobma.qa.test.JobmaDashboardTest -->
